<?xml version="1.0" encoding="UTF-8"?>
<!-- Generated by org.testng.reporters.JUnitReportReporter -->
<testsuite hostname="DESKTOP-UBQJ9QQ" name="com.actitime.test.Demo" tests="1" failures="0" timestamp="4 Sep 2022 14:44:35 GMT" time="0.000" errors="0">
  <testcase name="testDemo" time="0.000" classname="com.actitime.test.Demo"/>
</testsuite> <!-- com.actitime.test.Demo -->
