<?xml version="1.0" encoding="UTF-8"?>
<!-- Generated by org.testng.reporters.JUnitReportReporter -->
<testsuite hostname="DESKTOP-UBQJ9QQ" name="com.actitime.test.Sample" tests="4" failures="0" timestamp="4 Sep 2022 14:01:25 GMT" time="0.004" errors="0">
  <testcase name="createCustomer" time="0.001" classname="com.actitime.test.Sample"/>
  <testcase name="deleteCustomer" time="0.001" classname="com.actitime.test.Sample"/>
  <testcase name="editCustomer" time="0.001" classname="com.actitime.test.Sample"/>
  <testcase name="registerCustomer" time="0.001" classname="com.actitime.test.Sample"/>
</testsuite> <!-- com.actitime.test.Sample -->
