<?xml version="1.0" encoding="UTF-8"?>
<!-- Generated by org.testng.reporters.JUnitReportReporter -->
<testsuite hostname="DESKTOP-UBQJ9QQ" name="com.actitime.test.actiTime" tests="1" failures="0" timestamp="7 Sep 2022 10:31:54 GMT" time="14.243" errors="0">
  <testcase name="testactiTime" time="14.243" classname="com.actitime.test.actiTime"/>
</testsuite> <!-- com.actitime.test.actiTime -->
