<?xml version="1.0" encoding="UTF-8"?>
<!-- Generated by org.testng.reporters.JUnitReportReporter -->
<testsuite hostname="DESKTOP-UBQJ9QQ" name="com.actitime.test.Demo1" tests="1" failures="0" timestamp="4 Sep 2022 14:01:25 GMT" time="0.008" errors="0">
  <testcase name="testDemo1" time="0.008" classname="com.actitime.test.Demo1"/>
</testsuite> <!-- com.actitime.test.Demo1 -->
